[ 2016-02-24T10:55:14+08:00 ] 192.168.1.250 /index.php
INFO: [ app_init ] --START--
INFO: Run Behavior\BuildLiteBehavior [ RunTime:0.000000s ]
INFO: [ app_init ] --END-- [ RunTime:0.041003s ]
INFO: [ app_begin ] --START--
INFO: Run Behavior\ReadHtmlCacheBehavior [ RunTime:0.016001s ]
INFO: Run Behavior\CheckLangBehavior [ RunTime:0.045003s ]
INFO: [ app_begin ] --END-- [ RunTime:0.062004s ]
SQL: SHOW COLUMNS FROM `womdee_sites_list` [ RunTime:0.0240s ]
SQL: SELECT * FROM `womdee_sites_list` WHERE ( listing_show = 1 ) ORDER BY listing_site_sort asc  [ RunTime:0.0020s ]
NOTIC: [8] Undefined index: country D:\wamp\www\www.womdee.com\App\Home\Action\BaseAction.class.php 第 291 行.
NOTIC: [8] Undefined index: country D:\wamp\www\www.womdee.com\App\Home\Action\BaseAction.class.php 第 294 行.
NOTIC: [8] Undefined index:  D:\wamp\www\www.womdee.com\App\Home\Action\BaseAction.class.php 第 297 行.
SQL: SHOW COLUMNS FROM `womdee_category` [ RunTime:0.0010s ]
SQL: SELECT womdee_category.category_id,womdee_category.parent_id,de.category_id,de.category_title FROM `womdee_category` INNER JOIN womdee_category_details as de on de.category_id = womdee_category.category_id  WHERE ( de.category_language = 'en' and womdee_category.category_status = 1 ) ORDER BY womdee_category.category_sort asc  [ RunTime:0.0020s ]
INFO: [ view_parse ] --START--
INFO: [ template_filter ] --START--
INFO: Run Behavior\ContentReplaceBehavior [ RunTime:0.034002s ]
INFO: [ template_filter ] --END-- [ RunTime:0.034002s ]
INFO: Run Behavior\ParseTemplateBehavior [ RunTime:0.328019s ]
INFO: [ view_parse ] --END-- [ RunTime:0.329019s ]
INFO: [ view_filter ] --START--
INFO: Run Behavior\WriteHtmlCacheBehavior [ RunTime:0.019001s ]
INFO: [ view_filter ] --END-- [ RunTime:0.020001s ]
INFO: [ app_end ] --START--
INFO: Run Behavior\ShowPageTraceBehavior [ RunTime:0.018001s ]
INFO: [ app_end ] --END-- [ RunTime:0.018001s ]

